<?xml version="1.0" encoding="UTF-8"?>
<Site BuildName="Darwin-x86_64"
	BuildStamp="20250530-2012-Experimental"
	Name="MacBookPro"
	Generator="ctest-3.15.4"
	CompilerName=""
	CompilerVersion=""
	OSName="macOS"
	Hostname="MacBookPro"
	OSRelease="15.5"
	OSVersion="24F74"
	OSPlatform="x86_64"
	Is64Bits="1"
	VendorString="GenuineIntel"
	VendorID="Intel Corporation"
	FamilyID="6"
	ModelID="158"
	ProcessorCacheSize="32768"
	NumberOfLogicalCPU="12"
	NumberOfPhysicalCPU="6"
	TotalVirtualMemory="6144"
	TotalPhysicalMemory="16384"
	LogicalProcessorsPerPhysical="8"
	ProcessorClockFrequency="2600"
	>
	<Testing>
		<StartDateTime>May 30 16:12 EDT</StartDateTime>
		<StartTestTime>1748635946</StartTestTime>
		<TestList>
			<Test>./tests/leaky</Test>
			<Test>./tests/use_after_free</Test>
		</TestList>
		<Test Status="passed">
			<Name>leaky</Name>
			<Path>./tests</Path>
			<FullName>./tests/leaky</FullName>
			<FullCommandLine>/Users/jasoncalle/Desktop/2025/cmake_cookbook_examples/ch_14_data_races/recipe_03_address_santizer/build/tests/leaky</FullCommandLine>
			<Results>
				<NamedMeasurement type="numeric/double" name="Execution Time">
					<Value>1.38144</Value>
				</NamedMeasurement>
				<NamedMeasurement type="numeric/double" name="Processors">
					<Value>1</Value>
				</NamedMeasurement>
				<NamedMeasurement type="text/string" name="Completion Status">
					<Value>Completed</Value>
				</NamedMeasurement>
				<NamedMeasurement type="text/string" name="Command Line">
					<Value>/Users/jasoncalle/Desktop/2025/cmake_cookbook_examples/ch_14_data_races/recipe_03_address_santizer/build/tests/leaky</Value>
				</NamedMeasurement>
				<Measurement>
					<Value></Value>
				</Measurement>
			</Results>
		</Test>
		<Test Status="failed">
			<Name>use_after_free</Name>
			<Path>./tests</Path>
			<FullName>./tests/use_after_free</FullName>
			<FullCommandLine>/Users/jasoncalle/Desktop/2025/cmake_cookbook_examples/ch_14_data_races/recipe_03_address_santizer/build/tests/use_after_free</FullCommandLine>
			<Results>
				<NamedMeasurement type="text/string" name="Exit Code">
					<Value>Child aborted</Value>
				</NamedMeasurement>
				<NamedMeasurement type="text/string" name="Exit Value">
					<Value>0</Value>
				</NamedMeasurement>
				<NamedMeasurement type="numeric/double" name="Execution Time">
					<Value>0.619428</Value>
				</NamedMeasurement>
				<NamedMeasurement type="numeric/double" name="Processors">
					<Value>1</Value>
				</NamedMeasurement>
				<NamedMeasurement type="text/string" name="Completion Status">
					<Value>Completed</Value>
				</NamedMeasurement>
				<NamedMeasurement type="text/string" name="Command Line">
					<Value>/Users/jasoncalle/Desktop/2025/cmake_cookbook_examples/ch_14_data_races/recipe_03_address_santizer/build/tests/use_after_free</Value>
				</NamedMeasurement>
				<Measurement>
					<Value encoding="base64" compression="gzip">eJytVl1v2jAUfc+vuNJeQBuVgXyBxKRu67pJ61pB97BVE7JjG7ymcWSHFvrrdx0CAcbUrpnFS3x8r8859r1mNGo4vNEoigeDYDQ6G48vx0M45dwIayc0U4V6FGYIc0HzzsKKDpWFMB1phACdAV0vBLIMewEph89joAXkCU7iZ5fEA9/3KQeW40wkZcSigDHRJWD3Z0jsjc9OP4CWYHFXKPMcZC7mRmCua+IBjldkf5MEVAbIclqynDqWrTawxWy2OknyfNgN12Hd9b4xiVlvEPSkC7MFNcVrsmRCQouvUj5cxuE09HFK1kOEuLzteQe0lIVUJ7QQHAaxD2xVCItJreLCyYlxWcdNghEzhb7d7MR3CXlTf/aIT9qeY46OrWq9eAJGDA9VIx3f547+9AenV/dINuLQShVLUprNpqY4oZZmU22XU77K6J1KTlCbYpW4OQZQjinatTG1nwF9ys9gHdZr7GduxL3SC5uugKYbK5+ln/Qr/ajuZfIxw1H5vnxKvv+/5E++XVycjr8/t/J2b/Qxjt5kTrl+qO4hNXqRcbSyCtxUrXNz5x72CBmC5P/0O8gQN83Qb8yh35iD/xIOo7e7GZ7D4Ubyn3/lEDT2IWjsQ9iYQ9iYQ/QSDjuXH1IxE3j3WzoTYHfmjcCOY0VWWPfM5HmqsOW4zlyWTNuVRlWKlKViCPUg7um5wuJW2Ki2tbReRbCBYDPoA/GBBEBCIBHg8k9Yw0hFFrgvf0Qum4SSIvqxbPauzqvnYYs6NyYFTW6PBcvuFr1T/I/MvS1q1Gx+ECz7W7TsG4gWC7PZWAZbFDtLtcImOi+jZYzoeaoZTQ83deigRhU2MdCGuzZWoe4BvtLKYlDZ3zH/FgQZIfpeZwVVGe6o74WRqX7YsErcoRhDV5Bofav2TgWoQz9nhaGg2S+R7AtmzMViV0VOKCaj6W6wFIh+cQ6v3559WYk7o3Hp4RE4YfW/p9N3l+Prz1/Pvd/nr8eU====</Value>
				</Measurement>
			</Results>
		</Test>
		<EndDateTime>May 30 16:12 EDT</EndDateTime>
		<EndTestTime>1748635948</EndTestTime>
		<ElapsedMinutes>0</ElapsedMinutes>
	</Testing>
</Site>
