<?xml version="1.0" encoding="UTF-8"?>
<Site BuildName="Darwin-x86_64"
	BuildStamp="20250530-1939-Experimental"
	Name="MacBookPro"
	Generator="ctest-3.15.4"
	CompilerName=""
	CompilerVersion=""
	OSName="macOS"
	Hostname="MacBookPro"
	OSRelease="15.5"
	OSVersion="24F74"
	OSPlatform="x86_64"
	Is64Bits="1"
	VendorString="GenuineIntel"
	VendorID="Intel Corporation"
	FamilyID="6"
	ModelID="158"
	ProcessorCacheSize="32768"
	NumberOfLogicalCPU="12"
	NumberOfPhysicalCPU="6"
	TotalVirtualMemory="6144"
	TotalPhysicalMemory="16384"
	LogicalProcessorsPerPhysical="8"
	ProcessorClockFrequency="2600"
	>
	<Testing>
		<StartDateTime>May 30 15:39 EDT</StartDateTime>
		<StartTestTime>1748633970</StartTestTime>
		<TestList/>
		<EndDateTime>May 30 15:39 EDT</EndDateTime>
		<EndTestTime>1748633970</EndTestTime>
		<ElapsedMinutes>0</ElapsedMinutes>
	</Testing>
</Site>
