<?xml version="1.0" encoding="UTF-8"?>
<Site BuildName="Darwin-x86_64"
	BuildStamp="20250530-1942-Experimental"
	Name="MacBookPro"
	Generator="ctest-3.15.4"
	CompilerName=""
	CompilerVersion=""
	OSName="macOS"
	Hostname="MacBookPro"
	OSRelease="15.5"
	OSVersion="24F74"
	OSPlatform="x86_64"
	Is64Bits="1"
	VendorString="GenuineIntel"
	VendorID="Intel Corporation"
	FamilyID="6"
	ModelID="158"
	ProcessorCacheSize="32768"
	NumberOfLogicalCPU="12"
	NumberOfPhysicalCPU="6"
	TotalVirtualMemory="6144"
	TotalPhysicalMemory="16384"
	LogicalProcessorsPerPhysical="8"
	ProcessorClockFrequency="2600"
	>
	<Configure>
		<StartDateTime>May 30 15:42 EDT</StartDateTime>
		<StartConfigureTime>1748634127</StartConfigureTime>
		<ConfigureCommand>"/usr/local/Cellar/cmake/3.15.4/bin/cmake" "-DENABLE_ASAN:BOOL=ON" "-GUnix Makefiles" "/Users/jasoncalle/Desktop/2025/cmake_cookbook_examples/ch_14_data_races/recipe_03_address_santizer"</ConfigureCommand>
		<Log>CMake Error at src/CMakeLists.txt:26:
  Parse error.  Expected a newline, got identifier with text "else".


-- Configuring incomplete, errors occurred!
See also "/Users/jasoncalle/Desktop/2025/cmake_cookbook_examples/ch_14_data_races/recipe_03_address_santizer/$CTEST_SCRIPT_DIRECTORY/build/CMakeFiles/CMakeOutput.log".
See also "/Users/jasoncalle/Desktop/2025/cmake_cookbook_examples/ch_14_data_races/recipe_03_address_santizer/$CTEST_SCRIPT_DIRECTORY/build/CMakeFiles/CMakeError.log".
</Log>
		<ConfigureStatus>1</ConfigureStatus>
		<EndDateTime>May 30 15:42 EDT</EndDateTime>
		<EndConfigureTime>1748634127</EndConfigureTime>
		<ElapsedMinutes>0</ElapsedMinutes>
	</Configure>
</Site>
