<?xml version="1.0" encoding="UTF-8"?>
<Site BuildName="Darwin-x86_64"
	BuildStamp="20250530-2025-Experimental"
	Name="MacBookPro"
	Generator="ctest-3.15.4"
	CompilerName=""
	CompilerVersion=""
	OSName="macOS"
	Hostname="MacBookPro"
	OSRelease="15.5"
	OSVersion="24F74"
	OSPlatform="x86_64"
	Is64Bits="1"
	VendorString="GenuineIntel"
	VendorID="Intel Corporation"
	FamilyID="6"
	ModelID="158"
	ProcessorCacheSize="32768"
	NumberOfLogicalCPU="12"
	NumberOfPhysicalCPU="6"
	TotalVirtualMemory="6144"
	TotalPhysicalMemory="16384"
	LogicalProcessorsPerPhysical="8"
	ProcessorClockFrequency="2600"
	>
	<Build>
		<StartDateTime>May 30 16:25 EDT</StartDateTime>
		<StartBuildTime>1748636707</StartBuildTime>
		<BuildCommand>/usr/local/Cellar/cmake/3.15.4/bin/cmake --build . --config "Debug" -- -i -j12</BuildCommand>
		<Log Encoding="base64" Compression="bin/gzip"/>
		<EndDateTime>May 30 16:25 EDT</EndDateTime>
		<EndBuildTime>1748636707</EndBuildTime>
		<ElapsedMinutes>0</ElapsedMinutes>
	</Build>
</Site>
