<?xml version="1.0" encoding="UTF-8"?>
<Site BuildName="Darwin-x86_64"
	BuildStamp="20250530-2025-Experimental"
	Name="MacBookPro"
	Generator="ctest-3.15.4"
	CompilerName=""
	CompilerVersion=""
	OSName="macOS"
	Hostname="MacBookPro"
	OSRelease="15.5"
	OSVersion="24F74"
	OSPlatform="x86_64"
	Is64Bits="1"
	VendorString="GenuineIntel"
	VendorID="Intel Corporation"
	FamilyID="6"
	ModelID="158"
	ProcessorCacheSize="32768"
	NumberOfLogicalCPU="12"
	NumberOfPhysicalCPU="6"
	TotalVirtualMemory="6144"
	TotalPhysicalMemory="16384"
	LogicalProcessorsPerPhysical="8"
	ProcessorClockFrequency="2600"
	>
	<Testing>
		<StartDateTime>May 30 16:25 EDT</StartDateTime>
		<StartTestTime>1748636707</StartTestTime>
		<TestList>
			<Test>./tests/leaky</Test>
			<Test>./tests/use_after_free</Test>
		</TestList>
		<Test Status="passed">
			<Name>leaky</Name>
			<Path>./tests</Path>
			<FullName>./tests/leaky</FullName>
			<FullCommandLine>/Users/jasoncalle/Desktop/2025/cmake_cookbook_examples/ch_14_data_races/recipe_03_address_santizer/build/tests/leaky</FullCommandLine>
			<Results>
				<NamedMeasurement type="numeric/double" name="Execution Time">
					<Value>0.128703</Value>
				</NamedMeasurement>
				<NamedMeasurement type="numeric/double" name="Processors">
					<Value>1</Value>
				</NamedMeasurement>
				<NamedMeasurement type="text/string" name="Completion Status">
					<Value>Completed</Value>
				</NamedMeasurement>
				<NamedMeasurement type="text/string" name="Command Line">
					<Value>/Users/jasoncalle/Desktop/2025/cmake_cookbook_examples/ch_14_data_races/recipe_03_address_santizer/build/tests/leaky</Value>
				</NamedMeasurement>
				<Measurement>
					<Value></Value>
				</Measurement>
			</Results>
		</Test>
		<Test Status="failed">
			<Name>use_after_free</Name>
			<Path>./tests</Path>
			<FullName>./tests/use_after_free</FullName>
			<FullCommandLine>/Users/jasoncalle/Desktop/2025/cmake_cookbook_examples/ch_14_data_races/recipe_03_address_santizer/build/tests/use_after_free</FullCommandLine>
			<Results>
				<NamedMeasurement type="text/string" name="Exit Code">
					<Value>Child aborted</Value>
				</NamedMeasurement>
				<NamedMeasurement type="text/string" name="Exit Value">
					<Value>0</Value>
				</NamedMeasurement>
				<NamedMeasurement type="numeric/double" name="Execution Time">
					<Value>0.385192</Value>
				</NamedMeasurement>
				<NamedMeasurement type="numeric/double" name="Processors">
					<Value>1</Value>
				</NamedMeasurement>
				<NamedMeasurement type="text/string" name="Completion Status">
					<Value>Completed</Value>
				</NamedMeasurement>
				<NamedMeasurement type="text/string" name="Command Line">
					<Value>/Users/jasoncalle/Desktop/2025/cmake_cookbook_examples/ch_14_data_races/recipe_03_address_santizer/build/tests/use_after_free</Value>
				</NamedMeasurement>
				<Measurement>
					<Value encoding="base64" compression="gzip">eJytVl1v2jAUfc+vuNJeQBuVE/JVJCaxresmrWsF3cNWTciJbfCaxpEdWuiv33UIBBhTu2YWL/HxvT7n2Pea4bDlcIbD2Av77nB4Nh5fjgcwYkxzYyY0l6V85HoAc06L3sLwHhUl1z2hOQeVA10vBLIMvYBUw2cx0BKKFCfx0yW+JyKfMkgKnImEiJIkJTF3CZj9GRI747PRB1ACDO4KVZ6DzOVcc8x1TRzA8Yrsb5KCzAFZTiuWU8uy04VkMZutTtKiGLjhOsxd7xuTOPFOA0/YMFNSXb4my4QL6LBVxgbLOJyGPk6JZvAQl3cd54CWNJCplJacwWnsQ7IqucGkRjJu5cS4rGcnQfOZRN9uduJdQt40nx7xSdexzNGxVaMXT0DzwaHq2I19n1n60x+MXt0j2YhBJ5NJmtF8NtXlCTU0nyqznLJVTu9keoLaZFKLm2MAZZii2xjT+BnQp/wM1mFeaz8Lze+lWphsBTTbWPks/aRf60d1L5OPGY7K98VT8v3/JX/y7eJiNP7+3MrbvdHHODqTOWXqob6HVKtFztDKOnBTtdbNnXvoETIAwf7pd5Ahbpuh35pDvzUH/yUchm93MzyHw41gP//KIWjtQ9Dah7A1h7A1h+glHHYuP2R8xvHud1TOwezMa44dx/C8NPaZKYpMYsuxnbkqma4tjboUaZLxATSD2KfnCotbYqPa1tJ6FcEGgs2gD8QHEgAJgUSAyz9hDSMVUeK+7BG5bBIKiujHqtnbOq+fhy1q3ZiUNL09FizcLXon2R+ZvS2q5Wx+ECz6W7TqG4iWC73ZWARbFDtLvcKkqqiiRYzoeaYSmh1uatHTBpXYxEBpZttYjdoH+EpJg0FVf8f8WxBEhOh7lZdU5rijuudaZOphwyq1h6I1XUGq1K3cOxWgFv2cl5qCSn7xdF9wkthY7KrICcXkNNsNFhzRL9bh9duzLyu1ZzSuPDwCp0nz72n07nJ8/fnrufMbTMXHrA==</Value>
				</Measurement>
			</Results>
		</Test>
		<EndDateTime>May 30 16:25 EDT</EndDateTime>
		<EndTestTime>1748636707</EndTestTime>
		<ElapsedMinutes>0</ElapsedMinutes>
	</Testing>
</Site>
